<?xml version="1.0" encoding="UTF-8"?>
<coverage generated="1680200785545" clover="3.2.0">
  <project timestamp="1680200785546" name="All files">
    <metrics statements="14" coveredstatements="14" conditionals="7" coveredconditionals="5" methods="4" coveredmethods="4" elements="25" coveredelements="23" complexity="0" loc="14" ncloc="14" packages="1" files="1" classes="1"/>
    <file name="Roller.ts" path="/sandbox/src/Roller.ts">
      <metrics statements="14" coveredstatements="14" conditionals="7" coveredconditionals="5" methods="4" coveredmethods="4"/>
      <line num="1" count="1" type="stmt"/>
      <line num="12" count="11" type="stmt"/>
      <line num="14" count="11" type="stmt"/>
      <line num="15" count="11" type="stmt"/>
      <line num="16" count="70" type="stmt"/>
      <line num="32" count="19" type="cond" truecount="1" falsecount="1"/>
      <line num="33" count="19" type="cond" truecount="1" falsecount="1"/>
      <line num="34" count="19" type="stmt"/>
      <line num="37" count="19" type="cond" truecount="3" falsecount="0"/>
      <line num="38" count="19" type="stmt"/>
      <line num="39" count="19" type="stmt"/>
      <line num="42" count="19" type="stmt"/>
      <line num="48" count="5" type="stmt"/>
      <line num="57" count="14" type="stmt"/>
    </file>
  </project>
</coverage>
