{"/sandbox/src/Roller.ts": {"path":"/sandbox/src/Roller.ts","statementMap":{"0":{"start":{"line":12,"column":8},"end":{"line":12,"column":67}},"1":{"start":{"line":14,"column":8},"end":{"line":14,"column":55}},"2":{"start":{"line":15,"column":8},"end":{"line":17,"column":null}},"3":{"start":{"line":15,"column":19},"end":{"line":15,"column":20}},"4":{"start":{"line":16,"column":12},"end":{"line":16,"column":40}},"5":{"start":{"line":32,"column":8},"end":{"line":32,"column":38}},"6":{"start":{"line":33,"column":8},"end":{"line":33,"column":58}},"7":{"start":{"line":34,"column":21},"end":{"line":34,"column":38}},"8":{"start":{"line":37,"column":8},"end":{"line":40,"column":null}},"9":{"start":{"line":38,"column":12},"end":{"line":38,"column":76}},"10":{"start":{"line":39,"column":12},"end":{"line":39,"column":30}},"11":{"start":{"line":42,"column":8},"end":{"line":42,"column":26}},"12":{"start":{"line":48,"column":8},"end":{"line":48,"column":26}},"13":{"start":{"line":57,"column":8},"end":{"line":57,"column":59}},"14":{"start":{"line":1,"column":0},"end":{"line":1,"column":13}}},"fnMap":{"0":{"name":"(anonymous_0)","decl":{"start":{"line":10,"column":4},"end":{"line":10,"column":16}},"loc":{"start":{"line":10,"column":29},"end":{"line":18,"column":5}}},"1":{"name":"(anonymous_1)","decl":{"start":{"line":30,"column":4},"end":{"line":30,"column":8}},"loc":{"start":{"line":30,"column":22},"end":{"line":43,"column":5}}},"2":{"name":"(anonymous_2)","decl":{"start":{"line":47,"column":4},"end":{"line":47,"column":8}},"loc":{"start":{"line":47,"column":8},"end":{"line":49,"column":5}}},"3":{"name":"(anonymous_3)","decl":{"start":{"line":56,"column":4},"end":{"line":56,"column":16}},"loc":{"start":{"line":56,"column":16},"end":{"line":58,"column":5}}}},"branchMap":{"0":{"loc":{"start":{"line":32,"column":16},"end":{"line":32,"column":37}},"type":"cond-expr","locations":[{"start":{"line":32,"column":28},"end":{"line":32,"column":29}},{"start":{"line":32,"column":32},"end":{"line":32,"column":37}}]},"1":{"loc":{"start":{"line":33,"column":16},"end":{"line":33,"column":57}},"type":"cond-expr","locations":[{"start":{"line":33,"column":38},"end":{"line":33,"column":49}},{"start":{"line":33,"column":52},"end":{"line":33,"column":57}}]},"2":{"loc":{"start":{"line":37,"column":8},"end":{"line":40,"column":null}},"type":"if","locations":[{"start":{"line":37,"column":8},"end":{"line":40,"column":null}}]},"3":{"loc":{"start":{"line":37,"column":11},"end":{"line":37,"column":43}},"type":"binary-expr","locations":[{"start":{"line":37,"column":11},"end":{"line":37,"column":20}},{"start":{"line":37,"column":24},"end":{"line":37,"column":43}}]}},"s":{"0":11,"1":11,"2":11,"3":11,"4":70,"5":19,"6":19,"7":19,"8":19,"9":19,"10":19,"11":19,"12":5,"13":14,"14":1},"f":{"0":11,"1":19,"2":5,"3":14},"b":{"0":[0,19],"1":[0,19],"2":[19],"3":[19,19]}}
}
